1 1000000000000000000 500000000000000000 0
1 499999999999999999 250000000000000000 0
1 249999999999999999 125000000000000000 0
1 124999999999999999 62500000000000000 0
1 62499999999999999 31250000000000000 0
1 31249999999999999 15625000000000000 0
1 15624999999999999 7812500000000000 0
1 7812499999999999 3906250000000000 0
1 3906249999999999 1953125000000000 0
1 1953124999999999 976562500000000 0
1 976562499999999 488281250000000 0
1 488281249999999 244140625000000 0
1 244140624999999 122070312500000 0
1 122070312499999 61035156250000 0
1 61035156249999 30517578125000 0
1 30517578124999 15258789062500 0
1 15258789062499 7629394531250 0
1 7629394531249 3814697265625 0
1 3814697265624 1907348632812 0
1 1907348632811 953674316406 0
1 953674316405 476837158203 0
1 476837158202 238418579101 0
1 238418579100 119209289550 0
1 119209289549 59604644775 0
1 59604644774 29802322387 0
1 29802322386 14901161193 0
1 14901161192 7450580596 0
1 7450580595 3725290298 0
1 3725290297 1862645149 0
1 1862645148 931322574 0
1 931322573 465661287 0
1 465661286 232830643 0
1 232830642 116415321 0
1 116415320 58207660 0
1 58207659 29103830 0
1 29103829 14551915 0
1 14551914 7275957 0
1 7275956 3637978 0
1 3637977 1818989 0
1 1818988 909494 0
1 909493 454747 0
1 454746 227373 0
1 227372 113686 0
1 113685 56843 0
1 56842 28421 0
1 28420 14210 0
1 14209 7105 0
1 7104 3552 0
1 3551 1776 0
1 1775 888 0
1 887 444 0
1 443 222 0
1 221 111 0
1 110 55 0
1 54 27 0
1 26 13 0
1 12 6 0
1 5 3 0
1 2 1 0
1